{"C:\\Users\\ACER\\Git Hub\\ProjetoPI\\controllers\\calculadora.js":{"path":"C:\\Users\\ACER\\Git Hub\\ProjetoPI\\controllers\\calculadora.js","s":{"1":1,"2":1,"3":2,"4":2,"5":2,"6":2,"7":2,"8":3,"9":3,"10":3,"11":3,"12":5,"13":1,"14":5,"15":5,"16":1,"17":1,"18":1,"19":1,"20":1,"21":1,"22":1,"23":1,"24":1,"25":1,"26":1,"27":1,"28":1,"29":1,"30":1,"31":1,"32":1,"33":1,"34":1,"35":1,"36":1,"37":1,"38":1,"39":1,"40":1,"41":1,"42":1,"43":1,"44":1,"45":1,"46":1,"47":1,"48":1,"49":1,"50":1,"51":1,"52":1,"53":1,"54":1,"55":1,"56":1,"57":1,"58":1,"59":1,"60":1,"61":1,"62":1,"63":1,"64":1,"65":1,"66":1,"67":1,"68":1,"69":1,"70":1,"71":1,"72":1,"73":1,"74":1,"75":1,"76":1,"77":1,"78":1,"79":1,"80":1,"81":1,"82":1,"83":1,"84":1,"85":1,"86":1,"87":1,"88":1,"89":1,"90":1,"91":1,"92":1,"93":1,"94":1,"95":1,"96":1,"97":1,"98":1,"99":1,"100":1,"101":1,"102":1,"103":1,"104":1,"105":1,"106":1,"107":1,"108":1,"109":1,"110":1,"111":1,"112":1,"113":1,"114":1,"115":1,"116":1,"117":1,"118":1,"119":1,"120":1,"121":1,"122":1,"123":1,"124":1,"125":1,"126":1,"127":1,"128":1,"129":1,"130":1,"131":1,"132":1,"133":1,"134":1,"135":1,"136":1,"137":1,"138":1,"139":1,"140":1,"141":1,"142":1,"143":1,"144":1,"145":1,"146":1,"147":1,"148":1,"149":1,"150":1,"151":1,"152":1,"153":1,"154":1,"155":1,"156":1,"157":1,"158":1,"159":1,"160":1,"161":1,"162":1,"163":1,"164":1,"165":1,"166":1,"167":1,"168":1,"169":1,"170":1,"171":1,"172":1,"173":1,"174":1,"175":1,"176":1,"177":1,"178":1,"179":1,"180":1,"181":1,"182":1,"183":1,"184":1,"185":1,"186":1,"187":1,"188":1,"189":1,"190":1,"191":1,"192":1,"193":1,"194":1,"195":1,"196":1,"197":1,"198":1,"199":1,"200":1,"201":0,"202":0,"203":0,"204":0,"205":0,"206":0,"207":0,"208":0,"209":0,"210":0,"211":0,"212":0,"213":0,"214":0,"215":0,"216":0,"217":1},"b":{"1":[0,0],"2":[0,0]},"f":{"1":1,"2":2,"3":3,"4":5,"5":1,"6":5,"7":5,"8":1,"9":1,"10":1,"11":1,"12":1,"13":1,"14":1,"15":1,"16":1,"17":0,"18":0,"19":0,"20":0,"21":0,"22":0,"23":0,"24":0},"fnMap":{"1":{"name":"(anonymous_1)","line":1,"loc":{"start":{"line":1,"column":17},"end":{"line":1,"column":28}}},"2":{"name":"(anonymous_2)","line":4,"loc":{"start":{"line":4,"column":21},"end":{"line":4,"column":41}}},"3":{"name":"(anonymous_3)","line":17,"loc":{"start":{"line":17,"column":14},"end":{"line":17,"column":35}}},"4":{"name":"(anonymous_4)","line":26,"loc":{"start":{"line":26,"column":11},"end":{"line":26,"column":38}}},"5":{"name":"(anonymous_5)","line":30,"loc":{"start":{"line":30,"column":14},"end":{"line":30,"column":41}}},"6":{"name":"(anonymous_6)","line":34,"loc":{"start":{"line":34,"column":17},"end":{"line":34,"column":44}}},"7":{"name":"(anonymous_7)","line":38,"loc":{"start":{"line":38,"column":13},"end":{"line":38,"column":40}}},"8":{"name":"(anonymous_8)","line":42,"loc":{"start":{"line":42,"column":28},"end":{"line":42,"column":46}}},"9":{"name":"(anonymous_9)","line":46,"loc":{"start":{"line":46,"column":43},"end":{"line":46,"column":61}}},"10":{"name":"(anonymous_10)","line":82,"loc":{"start":{"line":82,"column":37},"end":{"line":82,"column":55}}},"11":{"name":"(anonymous_11)","line":86,"loc":{"start":{"line":86,"column":51},"end":{"line":86,"column":69}}},"12":{"name":"(anonymous_12)","line":131,"loc":{"start":{"line":131,"column":30},"end":{"line":131,"column":48}}},"13":{"name":"(anonymous_13)","line":135,"loc":{"start":{"line":135,"column":44},"end":{"line":135,"column":62}}},"14":{"name":"(anonymous_14)","line":180,"loc":{"start":{"line":180,"column":29},"end":{"line":180,"column":47}}},"15":{"name":"(anonymous_15)","line":184,"loc":{"start":{"line":184,"column":44},"end":{"line":184,"column":62}}},"16":{"name":"(anonymous_16)","line":232,"loc":{"start":{"line":232,"column":53},"end":{"line":232,"column":71}}},"17":{"name":"(anonymous_17)","line":260,"loc":{"start":{"line":260,"column":20},"end":{"line":260,"column":40}}},"18":{"name":"(anonymous_18)","line":268,"loc":{"start":{"line":268,"column":22},"end":{"line":268,"column":37}}},"19":{"name":"(anonymous_19)","line":283,"loc":{"start":{"line":283,"column":10},"end":{"line":283,"column":38}}},"20":{"name":"(anonymous_20)","line":287,"loc":{"start":{"line":287,"column":10},"end":{"line":287,"column":38}}},"21":{"name":"(anonymous_21)","line":291,"loc":{"start":{"line":291,"column":13},"end":{"line":291,"column":41}}},"22":{"name":"(anonymous_22)","line":295,"loc":{"start":{"line":295,"column":16},"end":{"line":295,"column":44}}},"23":{"name":"(anonymous_23)","line":299,"loc":{"start":{"line":299,"column":12},"end":{"line":299,"column":40}}},"24":{"name":"(anonymous_24)","line":305,"loc":{"start":{"line":305,"column":13},"end":{"line":305,"column":41}}}},"statementMap":{"1":{"start":{"line":1,"column":0},"end":{"line":316,"column":2}},"2":{"start":{"line":2,"column":1},"end":{"line":313,"column":3}},"3":{"start":{"line":5,"column":4},"end":{"line":5,"column":43}},"4":{"start":{"line":6,"column":4},"end":{"line":8,"column":6}},"5":{"start":{"line":10,"column":4},"end":{"line":10,"column":64}},"6":{"start":{"line":11,"column":4},"end":{"line":11,"column":35}},"7":{"start":{"line":13,"column":4},"end":{"line":13,"column":20}},"8":{"start":{"line":18,"column":5},"end":{"line":18,"column":50}},"9":{"start":{"line":19,"column":5},"end":{"line":19,"column":50}},"10":{"start":{"line":21,"column":5},"end":{"line":21,"column":86}},"11":{"start":{"line":23,"column":5},"end":{"line":23,"column":22}},"12":{"start":{"line":27,"column":5},"end":{"line":27,"column":30}},"13":{"start":{"line":31,"column":5},"end":{"line":31,"column":30}},"14":{"start":{"line":35,"column":5},"end":{"line":35,"column":30}},"15":{"start":{"line":39,"column":5},"end":{"line":39,"column":30}},"16":{"start":{"line":43,"column":20},"end":{"line":43,"column":39}},"17":{"start":{"line":48,"column":20},"end":{"line":48,"column":42}},"18":{"start":{"line":49,"column":20},"end":{"line":49,"column":41}},"19":{"start":{"line":50,"column":20},"end":{"line":50,"column":35}},"20":{"start":{"line":51,"column":20},"end":{"line":51,"column":35}},"21":{"start":{"line":52,"column":20},"end":{"line":52,"column":35}},"22":{"start":{"line":53,"column":20},"end":{"line":53,"column":35}},"23":{"start":{"line":54,"column":20},"end":{"line":54,"column":35}},"24":{"start":{"line":55,"column":20},"end":{"line":55,"column":35}},"25":{"start":{"line":56,"column":20},"end":{"line":56,"column":35}},"26":{"start":{"line":57,"column":20},"end":{"line":57,"column":35}},"27":{"start":{"line":58,"column":20},"end":{"line":58,"column":35}},"28":{"start":{"line":59,"column":20},"end":{"line":59,"column":35}},"29":{"start":{"line":60,"column":20},"end":{"line":60,"column":35}},"30":{"start":{"line":61,"column":20},"end":{"line":61,"column":35}},"31":{"start":{"line":62,"column":20},"end":{"line":62,"column":35}},"32":{"start":{"line":63,"column":20},"end":{"line":63,"column":35}},"33":{"start":{"line":64,"column":20},"end":{"line":64,"column":35}},"34":{"start":{"line":65,"column":20},"end":{"line":65,"column":35}},"35":{"start":{"line":66,"column":20},"end":{"line":66,"column":35}},"36":{"start":{"line":67,"column":20},"end":{"line":67,"column":35}},"37":{"start":{"line":68,"column":20},"end":{"line":68,"column":35}},"38":{"start":{"line":69,"column":20},"end":{"line":69,"column":35}},"39":{"start":{"line":70,"column":20},"end":{"line":70,"column":35}},"40":{"start":{"line":71,"column":20},"end":{"line":71,"column":35}},"41":{"start":{"line":72,"column":20},"end":{"line":72,"column":35}},"42":{"start":{"line":73,"column":20},"end":{"line":73,"column":35}},"43":{"start":{"line":74,"column":20},"end":{"line":74,"column":35}},"44":{"start":{"line":75,"column":20},"end":{"line":75,"column":35}},"45":{"start":{"line":76,"column":20},"end":{"line":76,"column":35}},"46":{"start":{"line":77,"column":20},"end":{"line":77,"column":35}},"47":{"start":{"line":78,"column":20},"end":{"line":78,"column":35}},"48":{"start":{"line":79,"column":20},"end":{"line":79,"column":37}},"49":{"start":{"line":83,"column":20},"end":{"line":83,"column":39}},"50":{"start":{"line":87,"column":20},"end":{"line":87,"column":42}},"51":{"start":{"line":88,"column":20},"end":{"line":88,"column":41}},"52":{"start":{"line":89,"column":20},"end":{"line":89,"column":35}},"53":{"start":{"line":90,"column":20},"end":{"line":90,"column":35}},"54":{"start":{"line":91,"column":20},"end":{"line":91,"column":35}},"55":{"start":{"line":92,"column":20},"end":{"line":92,"column":35}},"56":{"start":{"line":93,"column":20},"end":{"line":93,"column":35}},"57":{"start":{"line":94,"column":20},"end":{"line":94,"column":35}},"58":{"start":{"line":95,"column":20},"end":{"line":95,"column":35}},"59":{"start":{"line":96,"column":20},"end":{"line":96,"column":35}},"60":{"start":{"line":97,"column":20},"end":{"line":97,"column":35}},"61":{"start":{"line":98,"column":20},"end":{"line":98,"column":35}},"62":{"start":{"line":99,"column":20},"end":{"line":99,"column":35}},"63":{"start":{"line":100,"column":20},"end":{"line":100,"column":35}},"64":{"start":{"line":101,"column":20},"end":{"line":101,"column":35}},"65":{"start":{"line":102,"column":20},"end":{"line":102,"column":35}},"66":{"start":{"line":103,"column":20},"end":{"line":103,"column":35}},"67":{"start":{"line":104,"column":20},"end":{"line":104,"column":35}},"68":{"start":{"line":105,"column":20},"end":{"line":105,"column":35}},"69":{"start":{"line":106,"column":20},"end":{"line":106,"column":35}},"70":{"start":{"line":107,"column":20},"end":{"line":107,"column":35}},"71":{"start":{"line":108,"column":20},"end":{"line":108,"column":35}},"72":{"start":{"line":109,"column":20},"end":{"line":109,"column":35}},"73":{"start":{"line":110,"column":20},"end":{"line":110,"column":35}},"74":{"start":{"line":111,"column":20},"end":{"line":111,"column":35}},"75":{"start":{"line":112,"column":20},"end":{"line":112,"column":35}},"76":{"start":{"line":113,"column":20},"end":{"line":113,"column":35}},"77":{"start":{"line":114,"column":20},"end":{"line":114,"column":35}},"78":{"start":{"line":115,"column":20},"end":{"line":115,"column":35}},"79":{"start":{"line":116,"column":20},"end":{"line":116,"column":35}},"80":{"start":{"line":117,"column":20},"end":{"line":117,"column":35}},"81":{"start":{"line":118,"column":20},"end":{"line":118,"column":35}},"82":{"start":{"line":119,"column":20},"end":{"line":119,"column":35}},"83":{"start":{"line":120,"column":20},"end":{"line":120,"column":35}},"84":{"start":{"line":121,"column":20},"end":{"line":121,"column":35}},"85":{"start":{"line":122,"column":20},"end":{"line":122,"column":35}},"86":{"start":{"line":123,"column":20},"end":{"line":123,"column":35}},"87":{"start":{"line":124,"column":20},"end":{"line":124,"column":35}},"88":{"start":{"line":125,"column":20},"end":{"line":125,"column":35}},"89":{"start":{"line":126,"column":20},"end":{"line":126,"column":35}},"90":{"start":{"line":127,"column":20},"end":{"line":127,"column":35}},"91":{"start":{"line":128,"column":20},"end":{"line":128,"column":37}},"92":{"start":{"line":132,"column":20},"end":{"line":132,"column":39}},"93":{"start":{"line":136,"column":20},"end":{"line":136,"column":42}},"94":{"start":{"line":137,"column":20},"end":{"line":137,"column":41}},"95":{"start":{"line":138,"column":20},"end":{"line":138,"column":35}},"96":{"start":{"line":139,"column":20},"end":{"line":139,"column":35}},"97":{"start":{"line":140,"column":20},"end":{"line":140,"column":35}},"98":{"start":{"line":141,"column":20},"end":{"line":141,"column":35}},"99":{"start":{"line":142,"column":20},"end":{"line":142,"column":35}},"100":{"start":{"line":143,"column":20},"end":{"line":143,"column":35}},"101":{"start":{"line":144,"column":20},"end":{"line":144,"column":35}},"102":{"start":{"line":145,"column":20},"end":{"line":145,"column":35}},"103":{"start":{"line":146,"column":20},"end":{"line":146,"column":35}},"104":{"start":{"line":147,"column":20},"end":{"line":147,"column":35}},"105":{"start":{"line":148,"column":20},"end":{"line":148,"column":35}},"106":{"start":{"line":149,"column":20},"end":{"line":149,"column":35}},"107":{"start":{"line":150,"column":20},"end":{"line":150,"column":35}},"108":{"start":{"line":151,"column":20},"end":{"line":151,"column":35}},"109":{"start":{"line":152,"column":20},"end":{"line":152,"column":35}},"110":{"start":{"line":153,"column":20},"end":{"line":153,"column":35}},"111":{"start":{"line":154,"column":20},"end":{"line":154,"column":35}},"112":{"start":{"line":155,"column":20},"end":{"line":155,"column":35}},"113":{"start":{"line":156,"column":20},"end":{"line":156,"column":35}},"114":{"start":{"line":157,"column":20},"end":{"line":157,"column":35}},"115":{"start":{"line":158,"column":20},"end":{"line":158,"column":35}},"116":{"start":{"line":159,"column":20},"end":{"line":159,"column":35}},"117":{"start":{"line":160,"column":20},"end":{"line":160,"column":35}},"118":{"start":{"line":161,"column":20},"end":{"line":161,"column":35}},"119":{"start":{"line":162,"column":20},"end":{"line":162,"column":35}},"120":{"start":{"line":163,"column":20},"end":{"line":163,"column":35}},"121":{"start":{"line":164,"column":20},"end":{"line":164,"column":35}},"122":{"start":{"line":165,"column":20},"end":{"line":165,"column":35}},"123":{"start":{"line":166,"column":20},"end":{"line":166,"column":35}},"124":{"start":{"line":167,"column":20},"end":{"line":167,"column":35}},"125":{"start":{"line":168,"column":20},"end":{"line":168,"column":35}},"126":{"start":{"line":169,"column":20},"end":{"line":169,"column":35}},"127":{"start":{"line":170,"column":20},"end":{"line":170,"column":35}},"128":{"start":{"line":171,"column":20},"end":{"line":171,"column":35}},"129":{"start":{"line":172,"column":20},"end":{"line":172,"column":35}},"130":{"start":{"line":173,"column":20},"end":{"line":173,"column":35}},"131":{"start":{"line":174,"column":20},"end":{"line":174,"column":35}},"132":{"start":{"line":175,"column":20},"end":{"line":175,"column":35}},"133":{"start":{"line":176,"column":20},"end":{"line":176,"column":35}},"134":{"start":{"line":177,"column":20},"end":{"line":177,"column":37}},"135":{"start":{"line":181,"column":20},"end":{"line":181,"column":39}},"136":{"start":{"line":185,"column":19},"end":{"line":185,"column":41}},"137":{"start":{"line":186,"column":20},"end":{"line":186,"column":41}},"138":{"start":{"line":187,"column":20},"end":{"line":187,"column":35}},"139":{"start":{"line":188,"column":20},"end":{"line":188,"column":35}},"140":{"start":{"line":189,"column":20},"end":{"line":189,"column":35}},"141":{"start":{"line":190,"column":20},"end":{"line":190,"column":35}},"142":{"start":{"line":191,"column":20},"end":{"line":191,"column":35}},"143":{"start":{"line":192,"column":20},"end":{"line":192,"column":35}},"144":{"start":{"line":193,"column":20},"end":{"line":193,"column":35}},"145":{"start":{"line":194,"column":20},"end":{"line":194,"column":35}},"146":{"start":{"line":195,"column":20},"end":{"line":195,"column":35}},"147":{"start":{"line":196,"column":20},"end":{"line":196,"column":35}},"148":{"start":{"line":197,"column":20},"end":{"line":197,"column":35}},"149":{"start":{"line":198,"column":20},"end":{"line":198,"column":35}},"150":{"start":{"line":199,"column":20},"end":{"line":199,"column":35}},"151":{"start":{"line":200,"column":20},"end":{"line":200,"column":35}},"152":{"start":{"line":201,"column":20},"end":{"line":201,"column":35}},"153":{"start":{"line":202,"column":20},"end":{"line":202,"column":35}},"154":{"start":{"line":203,"column":20},"end":{"line":203,"column":35}},"155":{"start":{"line":204,"column":20},"end":{"line":204,"column":35}},"156":{"start":{"line":205,"column":20},"end":{"line":205,"column":35}},"157":{"start":{"line":206,"column":20},"end":{"line":206,"column":35}},"158":{"start":{"line":207,"column":20},"end":{"line":207,"column":35}},"159":{"start":{"line":208,"column":20},"end":{"line":208,"column":35}},"160":{"start":{"line":209,"column":20},"end":{"line":209,"column":35}},"161":{"start":{"line":210,"column":20},"end":{"line":210,"column":35}},"162":{"start":{"line":211,"column":20},"end":{"line":211,"column":35}},"163":{"start":{"line":212,"column":20},"end":{"line":212,"column":35}},"164":{"start":{"line":213,"column":20},"end":{"line":213,"column":35}},"165":{"start":{"line":214,"column":20},"end":{"line":214,"column":35}},"166":{"start":{"line":215,"column":20},"end":{"line":215,"column":35}},"167":{"start":{"line":216,"column":20},"end":{"line":216,"column":35}},"168":{"start":{"line":217,"column":20},"end":{"line":217,"column":35}},"169":{"start":{"line":218,"column":20},"end":{"line":218,"column":35}},"170":{"start":{"line":219,"column":20},"end":{"line":219,"column":35}},"171":{"start":{"line":220,"column":20},"end":{"line":220,"column":35}},"172":{"start":{"line":221,"column":20},"end":{"line":221,"column":35}},"173":{"start":{"line":222,"column":20},"end":{"line":222,"column":35}},"174":{"start":{"line":223,"column":20},"end":{"line":223,"column":35}},"175":{"start":{"line":224,"column":20},"end":{"line":224,"column":35}},"176":{"start":{"line":225,"column":20},"end":{"line":225,"column":35}},"177":{"start":{"line":226,"column":20},"end":{"line":226,"column":35}},"178":{"start":{"line":227,"column":20},"end":{"line":227,"column":37}},"179":{"start":{"line":233,"column":20},"end":{"line":233,"column":42}},"180":{"start":{"line":234,"column":20},"end":{"line":234,"column":41}},"181":{"start":{"line":235,"column":20},"end":{"line":235,"column":35}},"182":{"start":{"line":236,"column":20},"end":{"line":236,"column":35}},"183":{"start":{"line":237,"column":20},"end":{"line":237,"column":35}},"184":{"start":{"line":238,"column":20},"end":{"line":238,"column":35}},"185":{"start":{"line":239,"column":20},"end":{"line":239,"column":35}},"186":{"start":{"line":240,"column":20},"end":{"line":240,"column":35}},"187":{"start":{"line":241,"column":20},"end":{"line":241,"column":35}},"188":{"start":{"line":242,"column":20},"end":{"line":242,"column":35}},"189":{"start":{"line":243,"column":20},"end":{"line":243,"column":35}},"190":{"start":{"line":244,"column":20},"end":{"line":244,"column":35}},"191":{"start":{"line":245,"column":20},"end":{"line":245,"column":35}},"192":{"start":{"line":246,"column":20},"end":{"line":246,"column":35}},"193":{"start":{"line":247,"column":20},"end":{"line":247,"column":35}},"194":{"start":{"line":248,"column":20},"end":{"line":248,"column":35}},"195":{"start":{"line":249,"column":20},"end":{"line":249,"column":35}},"196":{"start":{"line":250,"column":20},"end":{"line":250,"column":35}},"197":{"start":{"line":251,"column":20},"end":{"line":251,"column":35}},"198":{"start":{"line":252,"column":20},"end":{"line":252,"column":35}},"199":{"start":{"line":253,"column":20},"end":{"line":253,"column":35}},"200":{"start":{"line":254,"column":20},"end":{"line":254,"column":37}},"201":{"start":{"line":261,"column":4},"end":{"line":263,"column":5}},"202":{"start":{"line":262,"column":5},"end":{"line":262,"column":34}},"203":{"start":{"line":265,"column":4},"end":{"line":265,"column":15}},"204":{"start":{"line":269,"column":4},"end":{"line":273,"column":6}},"205":{"start":{"line":275,"column":4},"end":{"line":275,"column":72}},"206":{"start":{"line":276,"column":4},"end":{"line":276,"column":72}},"207":{"start":{"line":278,"column":4},"end":{"line":278,"column":22}},"208":{"start":{"line":284,"column":4},"end":{"line":284,"column":29}},"209":{"start":{"line":288,"column":4},"end":{"line":288,"column":29}},"210":{"start":{"line":292,"column":4},"end":{"line":292,"column":32}},"211":{"start":{"line":296,"column":4},"end":{"line":296,"column":35}},"212":{"start":{"line":300,"column":4},"end":{"line":300,"column":31}},"213":{"start":{"line":306,"column":4},"end":{"line":306,"column":70}},"214":{"start":{"line":307,"column":4},"end":{"line":307,"column":68}},"215":{"start":{"line":308,"column":4},"end":{"line":308,"column":66}},"216":{"start":{"line":310,"column":4},"end":{"line":310,"column":51}},"217":{"start":{"line":315,"column":1},"end":{"line":315,"column":19}}},"branchMap":{"1":{"line":261,"type":"if","locations":[{"start":{"line":261,"column":4},"end":{"line":261,"column":4}},{"start":{"line":261,"column":4},"end":{"line":261,"column":4}}]},"2":{"line":261,"type":"binary-expr","locations":[{"start":{"line":261,"column":7},"end":{"line":261,"column":16}},{"start":{"line":261,"column":20},"end":{"line":261,"column":36}}]}}}}